<?xml version="1.0" encoding="UTF-8"?>
<!-- Generated by org.testng.reporters.JUnitReportReporter -->
<testsuite hostname="khalandar" failures="0" tests="1" name="MiniTest" time="3.043" errors="0" timestamp="2025-05-07T20:05:48 IST" skipped="0">
  <testcase classname="MiniTest" name="simpleTest" time="3.043"/>
</testsuite> <!-- MiniTest -->
