<?xml version="1.0" encoding="UTF-8"?>
<!-- Generated by org.testng.reporters.JUnitReportReporter -->
<testsuite hostname="khalandar" failures="0" tests="1" name="com.example.AppTest" time="0.000" errors="0" timestamp="2025-05-07T20:05:48 IST" skipped="0">
  <testcase classname="com.example.AppTest" name="shouldAnswerWithTrue" time="0.000"/>
</testsuite> <!-- com.example.AppTest -->
